TN:
SF:script/SD.s.sol
FN:57,Deploy._protocolNotDeployedOnSelectedChain
FNDA:0,Deploy._protocolNotDeployedOnSelectedChain
DA:58,0
FN:61,Deploy._deployAndTransferOwnership
FNDA:0,Deploy._deployAndTransferOwnership
DA:65,0
FN:68,Deploy._deploy
FNDA:0,Deploy._deploy
DA:69,0
FN:87,Deploy.deployProtocol
FNDA:0,Deploy.deployProtocol
DA:88,0
DA:90,0
BRDA:90,0,0,-
BRDA:90,0,1,-
DA:91,0
BRDA:91,1,0,-
BRDA:91,1,1,-
DA:92,0
BRDA:92,2,0,-
BRDA:92,2,1,-
DA:93,0
BRDA:93,3,0,-
BRDA:93,3,1,-
DA:95,0
DA:97,0
DA:106,0
DA:114,0
DA:118,0
DA:120,0
DA:121,0
DA:132,0
DA:133,0
DA:135,0
DA:137,0
DA:146,0
DA:155,0
DA:163,0
DA:173,0
DA:190,0
DA:200,0
DA:202,0
DA:203,0
DA:204,0
DA:205,0
DA:206,0
DA:207,0
DA:208,0
DA:209,0
DA:210,0
DA:211,0
DA:212,0
DA:213,0
DA:216,0
DA:217,0
DA:218,0
DA:219,0
DA:220,0
DA:221,0
DA:222,0
DA:223,0
FNF:4
FNH:0
LF:45
LH:0
BRF:8
BRH:0
end_of_record
TN:
SF:script/SDDeployer.s.sol
FN:22,Deploy.deployDeployer
FNDA:0,Deploy.deployDeployer
DA:23,0
DA:25,0
DA:27,0
DA:28,0
DA:30,0
DA:32,0
DA:34,0
FN:46,Deploy.deploySDEX
FNDA:0,Deploy.deploySDEX
DA:47,0
DA:49,0
DA:51,0
DA:53,0
DA:55,0
DA:57,0
FNF:2
FNH:0
LF:13
LH:0
BRF:0
BRH:0
end_of_record
TN:
SF:script/SDSetTags.s.sol
FN:14,SDSetTags.run
FNDA:0,SDSetTags.run
DA:15,0
DA:16,0
DA:19,0
DA:20,0
DA:21,0
DA:23,0
DA:24,0
DA:26,0
DA:27,0
DA:28,0
DA:30,0
DA:31,0
DA:33,0
DA:35,0
DA:37,0
FNF:1
FNH:0
LF:15
LH:0
BRF:0
BRH:0
end_of_record
TN:
SF:script/lib/ScriptUtils.sol
FN:10,ScriptUtils._writeDeploymentAddress
FNDA:0,ScriptUtils._writeDeploymentAddress
DA:11,0
DA:12,0
DA:13,0
DA:14,0
FNF:1
FNH:0
LF:4
LH:0
BRF:0
BRH:0
end_of_record
TN:
SF:src/SDDeployments.sol
FN:46,SDDeployments._loadDeployedAddresses
FNDA:0,SDDeployments._loadDeployedAddresses
DA:47,0
DA:48,0
DA:49,0
DA:50,0
DA:51,0
DA:53,0
BRDA:53,0,0,-
BRDA:53,0,1,-
DA:54,0
DA:55,0
DA:57,0
FN:61,SDDeployments._contains
FNDA:0,SDDeployments._contains
DA:62,0
DA:63,0
DA:66,0
FN:69,SDDeployments._protocolNotDeployedOnSelectedChain
FNDA:0,SDDeployments._protocolNotDeployedOnSelectedChain
FNF:3
FNH:0
LF:12
LH:0
BRF:2
BRH:0
end_of_record
TN:
SF:src/config/SDConfig.sol
FN:142,SDConfig.
FNDA:119,SDConfig.
DA:144,0
DA:145,119
DA:146,119
BRDA:146,0,0,-
BRDA:146,0,1,-
DA:147,119
FN:150,SDConfig.initialize
FNDA:89,SDConfig.initialize
DA:157,89
BRDA:157,1,0,-
BRDA:157,1,1,-
DA:158,89
BRDA:158,2,0,88
BRDA:158,2,1,87
DA:159,89
DA:161,89
DA:162,89
DA:163,89
DA:164,89
FN:175,SDConfig.setFixFeeListed
FNDA:3,SDConfig.setFixFeeListed
DA:176,3
DA:177,3
FN:184,SDConfig.setFixFeeUnlisted
FNDA:2,SDConfig.setFixFeeUnlisted
DA:185,2
DA:186,2
FN:193,SDConfig.setVariableFactor
FNDA:1,SDConfig.setVariableFactor
DA:194,1
DA:195,1
FN:204,SDConfig.setListedToken
FNDA:5,SDConfig.setListedToken
DA:205,5
DA:206,5
FN:217,SDConfig.setPartialPositionPercentage
FNDA:591,SDConfig.setPartialPositionPercentage
DA:218,591
BRDA:218,3,0,1
DA:219,590
BRDA:219,4,0,503
DA:220,87
FN:232,SDConfig.setLOANMetadataUri
FNDA:1008,SDConfig.setLOANMetadataUri
DA:233,1008
BRDA:233,5,0,1
DA:235,1
DA:238,1007
DA:239,1007
FN:246,SDConfig.setDefaultLOANMetadataUri
FNDA:505,SDConfig.setDefaultLOANMetadataUri
DA:247,505
DA:248,505
FN:256,SDConfig.loanMetadataUri
FNDA:1007,SDConfig.loanMetadataUri
DA:257,1007
DA:259,1007
BRDA:259,6,0,503
FN:271,SDConfig.getStateFingerprintComputer
FNDA:1509,SDConfig.getStateFingerprintComputer
DA:272,1509
FN:280,SDConfig.registerStateFingerprintComputer
FNDA:1509,SDConfig.registerStateFingerprintComputer
DA:281,1509
BRDA:281,7,0,1006
DA:282,1006
BRDA:282,8,0,503
DA:283,503
DA:287,1006
FN:299,SDConfig.getPoolAdapter
FNDA:1006,SDConfig.getPoolAdapter
DA:300,1006
FN:308,SDConfig.registerPoolAdapter
FNDA:503,SDConfig.registerPoolAdapter
DA:309,503
FNF:14
FNH:14
LF:37
LH:36
BRF:12
BRH:8
end_of_record
TN:
SF:src/deployment/SDDeployer.sol
FN:18,SDDeployer.
FNDA:0,SDDeployer.
DA:19,0
FN:34,SDDeployer.deploy
FNDA:0,SDDeployer.deploy
DA:35,0
FN:48,SDDeployer.deployAndTransferOwnership
FNDA:0,SDDeployer.deployAndTransferOwnership
DA:53,0
DA:54,0
FN:63,SDDeployer.computeAddress
FNDA:0,SDDeployer.computeAddress
DA:64,0
FNF:4
FNH:0
LF:5
LH:0
BRF:0
BRH:0
end_of_record
TN:
SF:src/hub/PWNHub.sol
FN:42,PWNHub.
FNDA:98,PWNHub.
FN:55,PWNHub.setTag
FNDA:855,PWNHub.setTag
DA:56,855
DA:57,855
FN:67,PWNHub.setTags
FNDA:93,PWNHub.setTags
DA:68,93
BRDA:68,0,0,1
DA:70,92
DA:71,92
DA:72,850
DA:74,850
FN:89,PWNHub.hasTag
FNDA:6887,PWNHub.hasTag
DA:90,6887
FNF:4
FNH:4
LF:8
LH:8
BRF:1
BRH:1
end_of_record
TN:
SF:src/loan/lib/SDListedFee.sol
FN:18,SDListedFee.calculate
FNDA:509,SDListedFee.calculate
DA:23,509
FNF:1
FNH:1
LF:1
LH:1
BRF:0
BRH:0
end_of_record
TN:
SF:src/loan/lib/SDTransfer.sol
FN:14,SDTransfer.checkTransfer
FNDA:4800,SDTransfer.checkTransfer
DA:20,4800
DA:24,4800
BRDA:24,0,0,5
DA:25,5
FNF:1
FNH:1
LF:3
LH:3
BRF:1
BRH:1
end_of_record
TN:
SF:src/loan/terms/simple/loan/SDSimpleLoan.sol
FN:248,SDSimpleLoan.
FNDA:94,SDSimpleLoan.
DA:249,94
DA:250,94
DA:251,94
DA:252,94
DA:253,94
FN:265,SDSimpleLoan.getLenderSpecHash
FNDA:503,SDSimpleLoan.getLenderSpecHash
DA:266,503
FN:277,SDSimpleLoan.createProposal
FNDA:2080,SDSimpleLoan.createProposal
DA:279,2080
BRDA:279,0,0,1
DA:280,1
DA:284,2079
DA:285,2079
DA:288,2078
BRDA:288,1,0,1
DA:289,1
DA:293,2077
DA:296,2077
DA:299,2077
DA:302,2074
BRDA:302,2,0,2074
DA:303,2074
DA:304,2074
FN:319,SDSimpleLoan.cancelProposal
FNDA:11,SDSimpleLoan.cancelProposal
DA:321,11
BRDA:321,3,0,1
DA:322,1
DA:325,10
DA:326,10
DA:329,10
BRDA:329,4,0,1
DA:332,9
DA:335,9
FN:350,SDSimpleLoan.createLOAN
FNDA:555,SDSimpleLoan.createLOAN
DA:355,555
BRDA:355,5,0,1
DA:356,1
DA:360,554
DA:368,553
BRDA:368,6,0,1
DA:369,1
DA:373,552
BRDA:373,7,0,1
DA:374,1
DA:378,551
DA:379,551
DA:382,551
DA:384,551
DA:394,551
BRDA:394,8,0,1
DA:395,1
DA:396,1
DA:397,1
DA:401,551
FN:410,SDSimpleLoan._checkPermit
FNDA:5,SDSimpleLoan._checkPermit
DA:411,5
BRDA:411,9,0,5
DA:412,5
BRDA:412,10,0,1
DA:413,1
DA:415,4
BRDA:415,11,0,1
DA:416,1
FN:426,SDSimpleLoan._createLoan
FNDA:551,SDSimpleLoan._createLoan
DA:428,551
DA:431,551
DA:432,551
DA:433,551
DA:434,551
DA:435,551
DA:436,551
DA:437,551
DA:438,551
DA:439,551
DA:440,551
DA:441,551
DA:442,551
FN:450,SDSimpleLoan.getLoanFee
FNDA:2074,SDSimpleLoan.getLoanFee
DA:451,2074
DA:452,2074
FN:462,SDSimpleLoan._settleNewLoan
FNDA:551,SDSimpleLoan._settleNewLoan
DA:464,551
BRDA:464,12,0,3
DA:466,3
DA:470,551
FN:480,SDSimpleLoan._withdrawCreditFromPool
FNDA:506,SDSimpleLoan._withdrawCreditFromPool
DA:485,506
DA:486,506
BRDA:486,13,0,503
DA:487,503
DA:490,3
BRDA:490,14,0,3
DA:491,3
FN:509,SDSimpleLoan.repayLOAN
FNDA:11,SDSimpleLoan.repayLOAN
DA:510,11
DA:512,11
DA:515,11
DA:518,11
BRDA:518,15,0,1
DA:519,1
DA:520,1
DA:521,1
DA:525,11
DA:526,11
DA:529,11
DA:532,11
DA:533,0
FN:551,SDSimpleLoan.repayMultipleLOANs
FNDA:5,SDSimpleLoan.repayMultipleLOANs
DA:554,5
DA:556,5
DA:557,20
DA:558,20
DA:561,20
DA:562,20
DA:565,20
DA:568,20
DA:572,5
BRDA:572,16,0,1
DA:573,1
DA:574,1
DA:575,1
DA:578,5
DA:580,5
DA:581,20
DA:582,20
DA:585,20
DA:588,20
DA:589,0
FN:603,SDSimpleLoan._checkLoanCanBeRepaid
FNDA:35,SDSimpleLoan._checkLoanCanBeRepaid
DA:605,35
BRDA:605,17,0,1
DA:607,34
BRDA:607,18,0,2
DA:609,32
BRDA:609,19,0,1
DA:610,1
FN:619,SDSimpleLoan._checkLoanCreditAddress
FNDA:559,SDSimpleLoan._checkLoanCreditAddress
DA:620,559
BRDA:620,20,0,503
DA:621,503
FN:629,SDSimpleLoan._updateRepaidLoan
FNDA:31,SDSimpleLoan._updateRepaidLoan
DA:630,31
DA:633,31
DA:636,31
DA:637,31
DA:642,31
FN:654,SDSimpleLoan.loanRepaymentAmount
FNDA:1067,SDSimpleLoan.loanRepaymentAmount
DA:655,1067
DA:658,1067
DA:661,1066
FN:671,SDSimpleLoan.totalLoanRepaymentAmount
FNDA:9,SDSimpleLoan.totalLoanRepaymentAmount
DA:676,9
DA:677,36
DA:678,36
DA:679,36
DA:681,36
DA:684,36
FN:693,SDSimpleLoan._loanAccruedInterest
FNDA:1133,SDSimpleLoan._loanAccruedInterest
DA:694,1133
DA:696,1006
DA:697,1006
DA:700,1006
FN:713,SDSimpleLoan.claimLOAN
FNDA:5,SDSimpleLoan.claimLOAN
DA:714,5
DA:717,5
BRDA:717,24,0,1
DA:718,1
DA:721,4
BRDA:721,25,0,-
BRDA:721,25,1,1
DA:723,0
DA:724,4
BRDA:724,26,0,2
BRDA:724,26,1,1
DA:726,2
DA:727,2
BRDA:727,27,0,1
BRDA:727,27,1,1
DA:729,1
DA:733,1
FN:743,SDSimpleLoan.claimMultipleLOANs
FNDA:1,SDSimpleLoan.claimMultipleLOANs
DA:744,1
DA:745,1
DA:746,2
FN:760,SDSimpleLoan.tryClaimRepaidLOAN
FNDA:32,SDSimpleLoan.tryClaimRepaidLOAN
DA:761,32
BRDA:761,28,0,-
DA:763,32
DA:765,32
DA:768,32
DA:772,29
DA:773,29
DA:776,29
DA:778,29
DA:781,29
DA:786,29
BRDA:786,32,0,26
BRDA:786,32,1,-
DA:787,26
DA:789,3
DA:791,3
BRDA:791,33,0,2
DA:795,2
DA:799,1
FN:813,SDSimpleLoan._settleLoanClaim
FNDA:3,SDSimpleLoan._settleLoanClaim
DA:814,3
DA:817,3
DA:818,3
DA:821,3
DA:823,3
DA:826,3
FN:833,SDSimpleLoan._deleteLoan
FNDA:32,SDSimpleLoan._deleteLoan
DA:834,32
DA:835,32
FN:858,SDSimpleLoan.getLOAN
FNDA:509,SDSimpleLoan.getLOAN
DA:876,509
DA:878,509
DA:879,509
DA:880,509
DA:881,509
DA:882,509
DA:883,509
DA:884,509
DA:885,509
DA:886,509
DA:887,509
DA:888,509
DA:889,509
FN:897,SDSimpleLoan._getLOANStatus
FNDA:510,SDSimpleLoan._getLOANStatus
DA:898,510
DA:899,510
FN:912,SDSimpleLoan.isValidAsset
FNDA:3188,SDSimpleLoan.isValidAsset
DA:913,3188
FN:921,SDSimpleLoan._checkValidAsset
FNDA:3188,SDSimpleLoan._checkValidAsset
DA:922,3188
BRDA:922,34,0,7
DA:923,7
FN:939,SDSimpleLoan.loanMetadataUri
FNDA:1,SDSimpleLoan.loanMetadataUri
DA:940,1
FN:950,SDSimpleLoan.getStateFingerprint
FNDA:1,SDSimpleLoan.getStateFingerprint
DA:951,1
DA:953,1
DA:961,1
FNF:29
FNH:29
LF:182
LH:179
BRF:33
BRH:30
end_of_record
TN:
SF:src/loan/terms/simple/proposal/SDSimpleLoanProposal.sol
FN:126,SDSimpleLoanProposal.
FNDA:87,SDSimpleLoanProposal.
DA:127,87
DA:128,87
DA:129,87
DA:131,87
FN:151,SDSimpleLoanProposal.revokeNonce
FNDA:2,SDSimpleLoanProposal.revokeNonce
DA:152,2
FN:204,SDSimpleLoanProposal._getProposalHash
FNDA:4695,SDSimpleLoanProposal._getProposalHash
DA:205,4695
FN:218,SDSimpleLoanProposal._makeProposal
FNDA:2082,SDSimpleLoanProposal._makeProposal
DA:219,2082
BRDA:219,0,0,1
DA:220,1
DA:222,2081
BRDA:222,1,0,1
DA:223,1
DA:226,1
BRDA:226,2,0,1
DA:228,2079
FN:237,SDSimpleLoanProposal._acceptProposal
FNDA:1584,SDSimpleLoanProposal._acceptProposal
DA:241,1584
BRDA:241,3,0,1
DA:242,1
DA:244,1583
BRDA:244,4,0,1
DA:245,1
DA:249,1582
BRDA:249,5,0,1
DA:252,1581
BRDA:252,6,0,1
DA:253,1
DA:257,1580
BRDA:257,7,0,1
DA:258,1
DA:262,1579
BRDA:262,8,0,1
DA:263,1
DA:270,1578
BRDA:270,9,0,1
BRDA:270,9,1,1
DA:271,1
DA:272,1577
BRDA:272,10,0,547
BRDA:272,10,1,1
DA:274,547
DA:275,547
DA:276,547
BRDA:276,11,0,1
DA:277,1
DA:280,546
DA:283,546
BRDA:283,12,0,4
DA:284,4
DA:286,1030
BRDA:286,13,0,1
DA:288,1
DA:295,542
DA:298,1010
BRDA:298,14,0,1010
DA:299,1010
DA:300,1010
DA:301,1010
BRDA:301,15,0,504
BRDA:301,15,1,-
DA:303,504
DA:307,506
BRDA:307,16,0,504
BRDA:307,16,1,-
DA:309,504
DA:312,2
DA:315,504
BRDA:315,17,0,1006
DA:317,1006
FNF:5
FNH:5
LF:46
LH:46
BRF:22
BRH:20
end_of_record
TN:
SF:src/loan/terms/simple/proposal/SDSimpleLoanSimpleProposal.sol
FN:101,SDSimpleLoanSimpleProposal.
FNDA:86,SDSimpleLoanSimpleProposal.
FN:114,SDSimpleLoanSimpleProposal.getProposalHash
FNDA:1018,SDSimpleLoanSimpleProposal.getProposalHash
DA:115,1018
FN:123,SDSimpleLoanSimpleProposal.encodeProposalData
FNDA:503,SDSimpleLoanSimpleProposal.encodeProposalData
DA:124,503
FN:132,SDSimpleLoanSimpleProposal.decodeProposalData
FNDA:3685,SDSimpleLoanSimpleProposal.decodeProposalData
DA:133,3685
FN:142,SDSimpleLoanSimpleProposal.getProposalCreditStatus
FNDA:504,SDSimpleLoanSimpleProposal.getProposalCreditStatus
DA:147,504
DA:148,503
BRDA:148,0,0,503
BRDA:148,0,1,1
DA:149,503
DA:150,503
DA:152,1
FN:159,SDSimpleLoanSimpleProposal.makeProposal
FNDA:2085,SDSimpleLoanSimpleProposal.makeProposal
DA:165,2085
DA:168,2082
DA:171,2082
DA:173,2079
DA:179,2079
DA:180,2079
DA:181,2079
DA:183,2079
FN:189,SDSimpleLoanSimpleProposal.acceptProposal
FNDA:1585,SDSimpleLoanSimpleProposal.acceptProposal
DA:195,1585
DA:198,1584
DA:201,1584
DA:220,563
DA:222,563
DA:239,563
BRDA:239,1,0,549
BRDA:239,1,1,3
DA:240,549
DA:241,14
BRDA:241,2,0,5
BRDA:241,2,1,3
DA:242,5
DA:244,5
DA:245,9
BRDA:245,3,0,9
DA:246,9
BRDA:246,4,0,3
DA:247,3
DA:250,9
FN:261,SDSimpleLoanSimpleProposal.cancelProposal
FNDA:15,SDSimpleLoanSimpleProposal.cancelProposal
DA:267,15
DA:270,13
BRDA:270,5,0,1
DA:271,1
DA:273,12
BRDA:273,6,0,1
DA:274,1
DA:278,11
DA:280,11
DA:281,11
DA:282,11
DA:285,11
BRDA:285,7,0,11
DA:286,11
BRDA:286,8,0,10
DA:287,10
FN:301,SDSimpleLoanSimpleProposal._checkCompleteLoan
FNDA:511,SDSimpleLoanSimpleProposal._checkCompleteLoan
DA:302,511
BRDA:302,9,0,503
DA:303,503
FNF:9
FNH:9
LF:44
LH:44
BRF:13
BRH:13
end_of_record
TN:
SF:src/loan/token/PWNLOAN.sol
FN:66,PWNLOAN.onlyActiveLoan
FNDA:563,PWNLOAN.onlyActiveLoan
DA:67,563
BRDA:67,0,0,1
DA:68,1
FN:77,PWNLOAN.
FNDA:100,PWNLOAN.
DA:78,100
FN:91,PWNLOAN.mint
FNDA:562,PWNLOAN.mint
DA:92,562
DA:93,562
DA:94,562
DA:95,562
FN:104,PWNLOAN.burn
FNDA:36,PWNLOAN.burn
DA:105,36
BRDA:105,1,0,1
DA:106,1
DA:109,35
DA:110,35
DA:111,35
FN:123,PWNLOAN.tokenURI
FNDA:2,PWNLOAN.tokenURI
DA:124,2
DA:126,2
FN:136,PWNLOAN.getStateFingerprint
FNDA:2,PWNLOAN.getStateFingerprint
DA:137,2
DA:139,2
DA:141,1
FN:151,PWNLOAN.supportsInterface
FNDA:1,PWNLOAN.supportsInterface
DA:152,1
FNF:7
FNH:7
LF:18
LH:18
BRF:2
BRH:2
end_of_record
TN:
SF:src/loan/vault/PWNVault.sol
FN:74,PWNVault._pull
FNDA:2093,PWNVault._pull
DA:75,2093
DA:77,2093
DA:78,2093
DA:80,2092
FN:89,PWNVault._push
FNDA:68,PWNVault._push
DA:90,68
DA:92,68
DA:93,68
DA:95,67
FN:105,PWNVault._pushFrom
FNDA:2628,PWNVault._pushFrom
DA:106,2628
DA:108,2628
DA:109,2628
DA:111,2627
FN:122,PWNVault._withdrawFromPool
FNDA:6,PWNVault._withdrawFromPool
DA:125,6
DA:127,6
DA:128,6
DA:130,5
FN:142,PWNVault._supplyToPool
FNDA:5,PWNVault._supplyToPool
DA:145,5
DA:147,5
DA:148,5
DA:149,5
DA:153,4
FN:165,PWNVault._tryPermit
FNDA:6,PWNVault._tryPermit
DA:166,6
BRDA:166,0,0,5
DA:167,5
DA:175,0
FN:194,PWNVault.onERC721Received
FNDA:2,PWNVault.onERC721Received
DA:200,2
BRDA:200,1,0,1
DA:202,1
FN:213,PWNVault.onERC1155Received
FNDA:14,PWNVault.onERC1155Received
DA:220,14
BRDA:220,2,0,1
DA:222,13
FN:233,PWNVault.onERC1155BatchReceived
FNDA:1,PWNVault.onERC1155BatchReceived
DA:240,1
FN:255,PWNVault.supportsInterface
FNDA:3,PWNVault.supportsInterface
DA:256,3
DA:257,1
FNF:10
FNH:10
LF:31
LH:30
BRF:3
BRH:3
end_of_record
TN:
SF:src/nonce/PWNRevokedNonce.sol
FN:73,PWNRevokedNonce.onlyWithHubTag
FNDA:2012,PWNRevokedNonce.onlyWithHubTag
DA:74,2012
BRDA:74,0,0,503
DA:75,503
FN:84,PWNRevokedNonce.
FNDA:109,PWNRevokedNonce.
DA:85,109
DA:86,109
FN:97,PWNRevokedNonce.revokeNonce
FNDA:1509,PWNRevokedNonce.revokeNonce
DA:98,1509
FN:105,PWNRevokedNonce.revokeNonces
FNDA:1509,PWNRevokedNonce.revokeNonces
DA:106,1509
DA:107,3521
FN:116,PWNRevokedNonce.revokeNonce
FNDA:1509,PWNRevokedNonce.revokeNonce
DA:117,1509
FN:126,PWNRevokedNonce.revokeNonce
FNDA:1509,PWNRevokedNonce.revokeNonce
DA:127,1509
FN:137,PWNRevokedNonce.revokeNonce
FNDA:1521,PWNRevokedNonce.revokeNonce
DA:138,1521
FN:144,PWNRevokedNonce._revokeNonce
FNDA:9569,PWNRevokedNonce._revokeNonce
DA:145,2515
BRDA:145,1,0,2515
DA:146,2515
DA:148,7054
DA:149,7054
FN:161,PWNRevokedNonce.isNonceRevoked
FNDA:4024,PWNRevokedNonce.isNonceRevoked
DA:162,4024
FN:172,PWNRevokedNonce.isNonceUsable
FNDA:3103,PWNRevokedNonce.isNonceUsable
DA:173,3103
DA:175,2600
FN:187,PWNRevokedNonce.revokeNonceSpace
FNDA:1509,PWNRevokedNonce.revokeNonceSpace
DA:188,1509
DA:189,1509
FN:197,PWNRevokedNonce.currentNonceSpace
FNDA:1006,PWNRevokedNonce.currentNonceSpace
DA:198,1006
FNF:12
FNH:12
LF:20
LH:20
BRF:2
BRH:2
end_of_record
TN:
SF:test/SDDeploymentTest.t.sol
FN:28,SDDeploymentTest.setUp
FNDA:84,SDDeploymentTest.setUp
DA:30,0
DA:33,84
DA:34,84
DA:35,84
DA:36,84
DA:37,84
DA:38,84
DA:39,84
DA:40,84
DA:41,84
DA:42,84
DA:43,84
FN:46,SDDeploymentTest._protocolNotDeployedOnSelectedChain
FNDA:84,SDDeploymentTest._protocolNotDeployedOnSelectedChain
DA:47,84
DA:48,84
DA:51,84
DA:54,84
DA:55,84
DA:58,84
DA:59,84
DA:71,84
DA:73,84
DA:74,84
DA:76,84
DA:78,84
DA:79,84
DA:87,84
DA:92,84
DA:93,84
DA:94,84
DA:96,84
DA:97,84
DA:99,84
DA:100,84
DA:101,84
DA:103,84
DA:104,84
DA:106,84
DA:107,84
FNF:2
FNH:2
LF:38
LH:37
BRF:0
BRH:0
end_of_record
TN:
SF:test/helper/CreditPermit.sol
FN:7,CreditPermit.
FNDA:84,CreditPermit.
FN:9,CreditPermit.mint
FNDA:11,CreditPermit.mint
DA:10,11
FN:13,CreditPermit.burn
FNDA:0,CreditPermit.burn
DA:14,0
FNF:3
FNH:2
LF:2
LH:1
BRF:0
BRH:0
end_of_record
TN:
SF:test/helper/DummyPoolAdapter.sol
FN:9,DummyPoolAdapter.withdraw
FNDA:6,DummyPoolAdapter.withdraw
DA:10,6
FN:13,DummyPoolAdapter.supply
FNDA:5,DummyPoolAdapter.supply
DA:14,5
FNF:2
FNH:2
LF:2
LH:2
BRF:0
BRH:0
end_of_record
TN:
SF:test/helper/T1155.sol
FN:7,T1155.mint
FNDA:13,T1155.mint
DA:8,13
FN:11,T1155.burn
FNDA:0,T1155.burn
DA:12,0
FNF:2
FNH:1
LF:2
LH:1
BRF:0
BRH:0
end_of_record
TN:
SF:test/helper/T20.sol
FN:7,T20.mint
FNDA:2787,T20.mint
DA:8,2787
FN:11,T20.burn
FNDA:0,T20.burn
DA:12,0
FNF:2
FNH:1
LF:2
LH:1
BRF:0
BRH:0
end_of_record
TN:
SF:test/helper/T721.sol
FN:7,T721.mint
FNDA:16,T721.mint
DA:8,16
FN:11,T721.burn
FNDA:0,T721.burn
DA:12,0
FNF:2
FNH:1
LF:2
LH:1
BRF:0
BRH:0
end_of_record
TN:
SF:test/integration/SDBaseIntegrationTest.t.sol
FN:74,SDBaseIntegrationTest.setUp
FNDA:84,SDBaseIntegrationTest.setUp
DA:75,0
DA:78,84
DA:79,84
DA:80,84
DA:81,84
DA:84,84
DA:85,84
DA:88,84
DA:89,84
DA:92,84
DA:113,84
DA:114,84
DA:115,84
DA:116,84
DA:117,84
DA:118,84
DA:121,84
DA:122,84
DA:123,84
DA:126,84
DA:127,84
DA:128,84
DA:129,84
DA:130,84
DA:131,84
DA:134,84
DA:135,84
DA:136,84
DA:137,84
DA:138,84
DA:139,84
DA:142,84
DA:147,84
FN:155,SDBaseIntegrationTest._createERC20Proposal
FNDA:2054,SDBaseIntegrationTest._createERC20Proposal
DA:157,2054
DA:158,2054
DA:159,2054
DA:162,2054
DA:164,2054
DA:165,2054
FN:168,SDBaseIntegrationTest._createERC721Proposal
FNDA:8,SDBaseIntegrationTest._createERC721Proposal
DA:170,8
DA:171,8
DA:172,8
DA:173,8
DA:176,8
DA:177,8
DA:178,8
DA:181,8
DA:183,8
DA:184,8
FN:187,SDBaseIntegrationTest._createFungibleERC1155Proposal
FNDA:7,SDBaseIntegrationTest._createFungibleERC1155Proposal
DA:189,7
DA:190,7
DA:191,7
DA:192,7
DA:195,7
DA:196,7
DA:197,7
DA:200,7
DA:202,7
DA:203,7
FN:206,SDBaseIntegrationTest._createNonFungibleERC1155Proposal
FNDA:5,SDBaseIntegrationTest._createNonFungibleERC1155Proposal
DA:208,5
DA:209,5
DA:210,5
DA:211,5
DA:214,5
DA:215,5
DA:216,5
DA:219,5
DA:221,5
DA:222,5
FN:225,SDBaseIntegrationTest._createLoan
FNDA:7,SDBaseIntegrationTest._createLoan
DA:230,7
DA:231,7
DA:232,7
DA:235,7
BRDA:235,0,0,-
DA:236,0
DA:239,7
DA:241,7
DA:243,4
BRDA:243,1,0,4
BRDA:240,1,1,4
DA:244,4
DA:250,3
FN:258,SDBaseIntegrationTest._cancelProposal
FNDA:5,SDBaseIntegrationTest._cancelProposal
DA:259,5
FN:262,SDBaseIntegrationTest._buildLenderSpec
FNDA:23,SDBaseIntegrationTest._buildLenderSpec
DA:263,23
FN:268,SDBaseIntegrationTest._buildProposalSpec
FNDA:2098,SDBaseIntegrationTest._buildProposalSpec
DA:273,2098
FN:279,SDBaseIntegrationTest._mockERC5646Support
FNDA:505,SDBaseIntegrationTest._mockERC5646Support
DA:280,505
DA:281,505
DA:282,505
FN:285,SDBaseIntegrationTest._mockERC165Call
FNDA:1515,SDBaseIntegrationTest._mockERC165Call
DA:286,1515
FNF:11
FNH:11
LF:86
LH:84
BRF:3
BRH:2
end_of_record
TN:
SF:test/unit/PWNHub.t.sol
FN:18,PWNHubTest.setUp
FNDA:13,PWNHubTest.setUp
DA:19,13
DA:20,13
FN:23,PWNHubTest._addressTagSlot
FNDA:11,PWNHubTest._addressTagSlot
DA:24,11
FNF:2
FNH:2
LF:3
LH:3
BRF:0
BRH:0
end_of_record
TN:
SF:test/unit/PWNLOAN.t.sol
FN:22,PWNLOANTest.
FNDA:0,PWNLOANTest.
DA:23,0
FN:26,PWNLOANTest.setUp
FNDA:16,PWNLOANTest.setUp
DA:27,16
DA:29,16
DA:30,16
FN:37,PWNLOANTest._loanContractSlot
FNDA:3,PWNLOANTest._loanContractSlot
DA:38,3
FNF:3
FNH:2
LF:5
LH:4
BRF:0
BRH:0
end_of_record
TN:
SF:test/unit/PWNRevokedNonce.t.sol
FN:20,PWNRevokedNonceTest.setUp
FNDA:25,PWNRevokedNonceTest.setUp
DA:21,25
FN:24,PWNRevokedNonceTest._revokedNonceSlot
FNDA:3521,PWNRevokedNonceTest._revokedNonceSlot
DA:25,3521
FN:30,PWNRevokedNonceTest._nonceSpaceSlot
FNDA:7545,PWNRevokedNonceTest._nonceSpaceSlot
DA:31,7545
FNF:3
FNH:3
LF:3
LH:3
BRF:0
BRH:0
end_of_record
TN:
SF:test/unit/PWNVault.t.sol
FN:22,PWNVaultHarness.pull
FNDA:3,PWNVaultHarness.pull
DA:23,3
FN:26,PWNVaultHarness.push
FNDA:3,PWNVaultHarness.push
DA:27,3
FN:30,PWNVaultHarness.pushFrom
FNDA:3,PWNVaultHarness.pushFrom
DA:31,3
FN:34,PWNVaultHarness.withdrawFromPool
FNDA:3,PWNVaultHarness.withdrawFromPool
DA:37,3
FN:40,PWNVaultHarness.supplyToPool
FNDA:4,PWNVaultHarness.supplyToPool
DA:43,4
FN:46,PWNVaultHarness.exposed_tryPermit
FNDA:3,PWNVaultHarness.exposed_tryPermit
DA:47,3
FN:68,PWNVaultTest.
FNDA:0,PWNVaultTest.
DA:69,0
FN:72,PWNVaultTest.setUp
FNDA:27,PWNVaultTest.setUp
DA:73,27
DA:74,27
DA:75,27
FNF:8
FNH:7
LF:10
LH:9
BRF:0
BRH:0
end_of_record
TN:
SF:test/unit/SDConfig.t.sol
FN:37,SDConfigTest.setUp
FNDA:35,SDConfigTest.setUp
DA:38,35
FN:41,SDConfigTest._initialize
FNDA:30,SDConfigTest._initialize
DA:43,30
FN:46,SDConfigTest._mockSupportsToken
FNDA:1006,SDConfigTest._mockSupportsToken
DA:47,1006
FNF:3
FNH:3
LF:3
LH:3
BRF:0
BRH:0
end_of_record
TN:
SF:test/unit/SDSimpleLoan.t.sol
FN:23,SDSimpleLoanHarness.
FNDA:10,SDSimpleLoanHarness.
FN:25,SDSimpleLoanHarness.exposed_checkPermit
FNDA:2,SDSimpleLoanHarness.exposed_checkPermit
DA:26,2
FN:29,SDSimpleLoanHarness.exposed_checkLoanCanBeRepaid
FNDA:4,SDSimpleLoanHarness.exposed_checkLoanCanBeRepaid
DA:30,4
FN:33,SDSimpleLoanHarness.exposed_checkLoanCreditAddress
FNDA:503,SDSimpleLoanHarness.exposed_checkLoanCreditAddress
DA:34,503
FN:37,SDSimpleLoanHarness.exposed_withdrawCreditFromPool
FNDA:503,SDSimpleLoanHarness.exposed_withdrawCreditFromPool
DA:42,503
FNF:5
FNH:5
LF:4
LH:4
BRF:0
BRH:0
end_of_record
TN:
SF:test/unit/SDSimpleLoanProposal.t.sol
FN:17,SDSimpleLoanProposalHarness.
FNDA:1,SDSimpleLoanProposalHarness.
FN:21,SDSimpleLoanProposalHarness.acceptProposal
FNDA:0,SDSimpleLoanProposalHarness.acceptProposal
FN:27,SDSimpleLoanProposalHarness.makeProposal
FNDA:0,SDSimpleLoanProposalHarness.makeProposal
FN:33,SDSimpleLoanProposalHarness.cancelProposal
FNDA:0,SDSimpleLoanProposalHarness.cancelProposal
FNF:4
FNH:1
LF:0
LH:0
BRF:0
BRH:0
end_of_record
TN:
SF:test/unit/SDSimpleLoanSimpleProposal.t.sol
FN:14,SDSimpleLoanSimpleProposalHarness.
FNDA:2,SDSimpleLoanSimpleProposalHarness.
FN:18,SDSimpleLoanSimpleProposalHarness.exposed_checkCompleteLoan
FNDA:503,SDSimpleLoanSimpleProposalHarness.exposed_checkCompleteLoan
DA:19,503
FNF:2
FNH:2
LF:1
LH:1
BRF:0
BRH:0
end_of_record
TN:
SF:test/utils/SigUtils.sol
FN:7,SigUtils.
FNDA:84,SigUtils.
DA:8,84
FN:23,SigUtils.getStructHash
FNDA:3,SigUtils.getStructHash
DA:24,3
FN:30,SigUtils.getTypedDataHash
FNDA:3,SigUtils.getTypedDataHash
DA:31,3
FNF:3
FNH:3
LF:3
LH:3
BRF:0
BRH:0
end_of_record
