TN:
SF:script/SD.s.sol
FN:61,Deploy._protocolNotDeployedOnSelectedChain
FNDA:0,Deploy._protocolNotDeployedOnSelectedChain
DA:62,0
FN:65,Deploy._deployAndTransferOwnership
FNDA:0,Deploy._deployAndTransferOwnership
DA:69,0
FN:72,Deploy._deploy
FNDA:0,Deploy._deploy
DA:73,0
FN:91,Deploy.deployProtocol
FNDA:0,Deploy.deployProtocol
DA:92,0
DA:94,0
BRDA:94,0,0,-
BRDA:94,0,1,-
DA:95,0
BRDA:95,1,0,-
BRDA:95,1,1,-
DA:96,0
BRDA:96,2,0,-
BRDA:96,2,1,-
DA:97,0
BRDA:97,3,0,-
BRDA:97,3,1,-
DA:99,0
DA:101,0
DA:106,0
DA:114,0
DA:122,0
DA:123,0
DA:124,0
DA:126,0
DA:127,0
DA:139,0
DA:140,0
DA:142,0
DA:144,0
DA:153,0
DA:162,0
DA:170,0
DA:180,0
DA:197,0
DA:207,0
DA:209,0
DA:210,0
DA:211,0
DA:212,0
DA:213,0
DA:214,0
DA:215,0
DA:216,0
DA:217,0
DA:218,0
DA:219,0
DA:220,0
DA:223,0
DA:224,0
DA:225,0
DA:226,0
DA:227,0
DA:228,0
DA:229,0
DA:230,0
DA:231,0
FNF:4
FNH:0
LF:48
LH:0
BRF:8
BRH:0
end_of_record
TN:
SF:script/SDDeployer.s.sol
FN:23,Deploy.deployDeployer
FNDA:0,Deploy.deployDeployer
DA:24,0
DA:26,0
DA:28,0
DA:29,0
DA:31,0
DA:33,0
DA:35,0
FN:47,Deploy.deploySink
FNDA:0,Deploy.deploySink
DA:48,0
DA:50,0
DA:52,0
DA:54,0
DA:56,0
DA:58,0
FN:70,Deploy.deploySDEX
FNDA:0,Deploy.deploySDEX
DA:71,0
DA:73,0
DA:75,0
DA:77,0
DA:79,0
DA:81,0
FNF:3
FNH:0
LF:19
LH:0
BRF:0
BRH:0
end_of_record
TN:
SF:script/SDSetTags.s.sol
FN:14,SDSetTags.run
FNDA:0,SDSetTags.run
DA:15,0
DA:16,0
DA:19,0
DA:20,0
DA:21,0
DA:23,0
DA:24,0
DA:26,0
DA:27,0
DA:28,0
DA:30,0
DA:31,0
DA:33,0
DA:35,0
DA:37,0
FNF:1
FNH:0
LF:15
LH:0
BRF:0
BRH:0
end_of_record
TN:
SF:script/lib/ScriptUtils.sol
FN:10,ScriptUtils._writeDeploymentAddress
FNDA:0,ScriptUtils._writeDeploymentAddress
DA:11,0
DA:12,0
DA:13,0
DA:14,0
FNF:1
FNH:0
LF:4
LH:0
BRF:0
BRH:0
end_of_record
TN:
SF:src/SDDeployments.sol
FN:48,SDDeployments._loadDeployedAddresses
FNDA:0,SDDeployments._loadDeployedAddresses
DA:49,0
DA:50,0
DA:51,0
DA:52,0
DA:53,0
DA:55,0
BRDA:55,0,0,-
BRDA:55,0,1,-
DA:56,0
DA:57,0
DA:59,0
FN:63,SDDeployments._contains
FNDA:0,SDDeployments._contains
DA:64,0
DA:65,0
DA:68,0
FN:71,SDDeployments._protocolNotDeployedOnSelectedChain
FNDA:0,SDDeployments._protocolNotDeployedOnSelectedChain
FNF:3
FNH:0
LF:12
LH:0
BRF:2
BRH:0
end_of_record
TN:
SF:src/config/SDConfig.sol
FN:144,SDConfig.
FNDA:16,SDConfig.
DA:146,0
DA:147,16
FN:150,SDConfig.initialize
FNDA:62,SDConfig.initialize
DA:158,62
BRDA:158,0,0,-
BRDA:158,0,1,-
DA:159,62
DA:160,62
DA:161,62
DA:162,62
DA:163,62
DA:164,62
FN:175,SDConfig.setListedFee
FNDA:3,SDConfig.setListedFee
DA:176,3
FN:183,SDConfig.setUnlistedFee
FNDA:2,SDConfig.setUnlistedFee
DA:184,2
FN:191,SDConfig.setVariableFactor
FNDA:1,SDConfig.setVariableFactor
DA:192,1
FN:201,SDConfig.setListedToken
FNDA:5,SDConfig.setListedToken
DA:202,5
FN:209,SDConfig._setListedFee
FNDA:62,SDConfig._setListedFee
DA:210,62
DA:211,62
FN:218,SDConfig._setUnlistedFee
FNDA:61,SDConfig._setUnlistedFee
DA:219,61
DA:220,61
FN:227,SDConfig._setVariableFactor
FNDA:60,SDConfig._setVariableFactor
DA:228,60
DA:229,60
FN:236,SDConfig._setSDEX
FNDA:61,SDConfig._setSDEX
DA:237,61
BRDA:237,1,0,1
DA:238,60
DA:239,60
FN:246,SDConfig._setSink
FNDA:60,SDConfig._setSink
DA:247,60
BRDA:247,2,0,1
DA:248,59
DA:249,59
FN:257,SDConfig._setListedToken
FNDA:5,SDConfig._setListedToken
DA:258,5
DA:259,5
FN:271,SDConfig.setLOANMetadataUri
FNDA:0,SDConfig.setLOANMetadataUri
DA:272,0
BRDA:272,3,0,-
DA:274,0
DA:277,0
DA:278,0
FN:285,SDConfig.setDefaultLOANMetadataUri
FNDA:0,SDConfig.setDefaultLOANMetadataUri
DA:286,0
DA:287,0
FN:295,SDConfig.loanMetadataUri
FNDA:0,SDConfig.loanMetadataUri
DA:296,0
DA:298,0
BRDA:298,4,0,-
FN:310,SDConfig.getStateFingerprintComputer
FNDA:0,SDConfig.getStateFingerprintComputer
DA:311,0
FN:319,SDConfig.registerStateFingerprintComputer
FNDA:0,SDConfig.registerStateFingerprintComputer
DA:320,0
BRDA:320,5,0,-
DA:321,0
BRDA:321,6,0,-
DA:322,0
DA:326,0
FN:338,SDConfig.getPoolAdapter
FNDA:0,SDConfig.getPoolAdapter
DA:339,0
FN:347,SDConfig.registerPoolAdapter
FNDA:0,SDConfig.registerPoolAdapter
DA:348,0
FNF:19
FNH:12
LF:42
LH:26
BRF:8
BRH:2
end_of_record
TN:
SF:src/deployment/SDDeployer.sol
FN:18,SDDeployer.
FNDA:0,SDDeployer.
DA:19,0
FN:34,SDDeployer.deploy
FNDA:0,SDDeployer.deploy
DA:35,0
FN:48,SDDeployer.deployAndTransferOwnership
FNDA:0,SDDeployer.deployAndTransferOwnership
DA:53,0
DA:54,0
FN:63,SDDeployer.computeAddress
FNDA:0,SDDeployer.computeAddress
DA:64,0
FNF:4
FNH:0
LF:5
LH:0
BRF:0
BRH:0
end_of_record
TN:
SF:src/hub/PWNHub.sol
FN:42,PWNHub.
FNDA:14,PWNHub.
FN:55,PWNHub.setTag
FNDA:583,PWNHub.setTag
DA:56,583
DA:57,583
FN:67,PWNHub.setTags
FNDA:66,PWNHub.setTags
DA:68,66
BRDA:68,0,0,1
DA:70,65
DA:71,65
DA:72,580
DA:74,580
FN:89,PWNHub.hasTag
FNDA:152,PWNHub.hasTag
DA:90,152
FNF:4
FNH:4
LF:8
LH:8
BRF:1
BRH:1
end_of_record
TN:
SF:src/loan/lib/SDListedFee.sol
FN:18,SDListedFee.calculate
FNDA:509,SDListedFee.calculate
DA:23,509
FNF:1
FNH:1
LF:1
LH:1
BRF:0
BRH:0
end_of_record
TN:
SF:src/loan/lib/SDTransfer.sol
FN:14,SDTransfer.checkTransfer
FNDA:130,SDTransfer.checkTransfer
DA:20,130
DA:24,130
BRDA:24,0,0,5
DA:25,5
FNF:1
FNH:1
LF:3
LH:3
BRF:1
BRH:1
end_of_record
TN:
SF:src/loan/terms/simple/loan/SDSimpleLoan.sol
FN:243,SDSimpleLoan.
FNDA:0,SDSimpleLoan.
DA:244,0
DA:245,0
DA:246,0
DA:247,0
DA:248,0
FN:260,SDSimpleLoan.getLenderSpecHash
FNDA:0,SDSimpleLoan.getLenderSpecHash
DA:261,0
FN:272,SDSimpleLoan.createProposal
FNDA:49,SDSimpleLoan.createProposal
DA:274,49
BRDA:274,0,0,1
DA:275,1
DA:279,48
DA:280,48
DA:283,47
BRDA:283,1,0,1
DA:284,1
DA:288,46
DA:291,46
DA:294,46
DA:297,43
BRDA:297,2,0,43
DA:298,43
DA:299,43
FN:314,SDSimpleLoan.cancelProposal
FNDA:12,SDSimpleLoan.cancelProposal
DA:316,12
BRDA:316,3,0,1
DA:317,1
DA:320,11
DA:321,11
DA:324,11
BRDA:324,4,0,1
DA:327,10
DA:330,10
FN:345,SDSimpleLoan.createLOAN
FNDA:16,SDSimpleLoan.createLOAN
DA:350,16
BRDA:350,5,0,1
DA:351,1
DA:355,15
DA:363,15
BRDA:363,6,0,1
DA:364,1
DA:368,14
BRDA:368,7,0,1
DA:369,1
DA:373,13
DA:374,13
DA:377,13
DA:379,13
DA:389,13
BRDA:389,8,0,-
DA:390,0
DA:391,0
DA:392,0
DA:396,13
FN:405,SDSimpleLoan._checkPermit
FNDA:0,SDSimpleLoan._checkPermit
DA:406,0
BRDA:406,9,0,-
DA:407,0
BRDA:407,10,0,-
DA:408,0
DA:410,0
BRDA:410,11,0,-
DA:411,0
FN:421,SDSimpleLoan._createLoan
FNDA:13,SDSimpleLoan._createLoan
DA:423,13
DA:426,13
DA:427,13
DA:428,13
DA:429,13
DA:430,13
DA:431,13
DA:432,13
DA:433,13
DA:434,13
DA:435,13
DA:436,13
DA:437,13
FN:445,SDSimpleLoan.getLoanFee
FNDA:43,SDSimpleLoan.getLoanFee
DA:446,43
DA:447,43
FN:457,SDSimpleLoan._settleNewLoan
FNDA:13,SDSimpleLoan._settleNewLoan
DA:459,13
BRDA:459,12,0,-
DA:461,0
DA:465,13
FN:475,SDSimpleLoan._withdrawCreditFromPool
FNDA:0,SDSimpleLoan._withdrawCreditFromPool
DA:480,0
DA:481,0
BRDA:481,13,0,-
DA:482,0
DA:485,0
BRDA:485,14,0,-
DA:486,0
FN:504,SDSimpleLoan.repayLOAN
FNDA:3,SDSimpleLoan.repayLOAN
DA:505,3
DA:507,3
DA:510,3
DA:513,3
BRDA:513,15,0,-
DA:514,0
DA:515,0
DA:516,0
DA:520,3
DA:521,3
DA:524,3
DA:527,3
DA:528,0
FN:541,SDSimpleLoan._checkLoanCanBeRepaid
FNDA:3,SDSimpleLoan._checkLoanCanBeRepaid
DA:543,3
BRDA:543,16,0,-
DA:545,3
BRDA:545,17,0,-
DA:547,3
BRDA:547,18,0,-
DA:548,0
FN:556,SDSimpleLoan._updateRepaidLoan
FNDA:3,SDSimpleLoan._updateRepaidLoan
DA:557,3
DA:560,3
DA:563,3
DA:564,3
DA:569,3
FN:581,SDSimpleLoan.loanRepaymentAmount
FNDA:6,SDSimpleLoan.loanRepaymentAmount
DA:582,6
DA:585,6
DA:588,6
FN:596,SDSimpleLoan._loanAccruedInterest
FNDA:9,SDSimpleLoan._loanAccruedInterest
DA:597,9
DA:599,0
DA:600,0
DA:603,0
FN:616,SDSimpleLoan.claimLOAN
FNDA:0,SDSimpleLoan.claimLOAN
DA:617,0
DA:620,0
BRDA:620,21,0,-
DA:621,0
DA:624,0
BRDA:624,22,0,-
BRDA:624,22,1,-
DA:626,0
DA:627,0
BRDA:627,23,0,-
BRDA:627,23,1,-
DA:629,0
DA:630,0
BRDA:630,24,0,-
BRDA:630,24,1,-
DA:632,0
DA:636,0
FN:650,SDSimpleLoan.tryClaimRepaidLOAN
FNDA:3,SDSimpleLoan.tryClaimRepaidLOAN
DA:651,3
BRDA:651,25,0,-
DA:653,3
DA:655,3
DA:658,3
DA:662,3
DA:663,3
DA:666,3
DA:668,3
DA:671,3
DA:676,3
BRDA:676,29,0,3
BRDA:676,29,1,-
DA:677,3
DA:679,0
DA:681,0
BRDA:681,30,0,-
DA:685,0
DA:689,0
FN:703,SDSimpleLoan._settleLoanClaim
FNDA:0,SDSimpleLoan._settleLoanClaim
DA:704,0
DA:707,0
DA:708,0
DA:711,0
DA:713,0
DA:716,0
FN:723,SDSimpleLoan._deleteLoan
FNDA:3,SDSimpleLoan._deleteLoan
DA:724,3
DA:725,3
FN:748,SDSimpleLoan.getLOAN
FNDA:3,SDSimpleLoan.getLOAN
DA:766,3
DA:768,3
DA:769,3
DA:770,3
DA:771,3
DA:772,3
DA:773,3
DA:774,3
DA:775,3
DA:776,3
DA:777,3
DA:778,3
DA:779,3
FN:787,SDSimpleLoan._getLOANStatus
FNDA:3,SDSimpleLoan._getLOANStatus
DA:788,3
DA:789,3
FN:802,SDSimpleLoan.isValidAsset
FNDA:82,SDSimpleLoan.isValidAsset
DA:803,82
FN:811,SDSimpleLoan._checkValidAsset
FNDA:82,SDSimpleLoan._checkValidAsset
DA:812,82
BRDA:812,31,0,7
DA:813,7
FN:829,SDSimpleLoan.loanMetadataUri
FNDA:0,SDSimpleLoan.loanMetadataUri
DA:830,0
FN:840,SDSimpleLoan.getStateFingerprint
FNDA:0,SDSimpleLoan.getStateFingerprint
DA:841,0
DA:843,0
DA:851,0
FNF:25
FNH:17
LF:152
LH:100
BRF:31
BRH:10
end_of_record
TN:
SF:src/loan/terms/simple/proposal/SDSimpleLoanProposal.sol
FN:123,SDSimpleLoanProposal.
FNDA:0,SDSimpleLoanProposal.
DA:124,0
DA:125,0
DA:126,0
DA:128,0
FN:148,SDSimpleLoanProposal.revokeNonce
FNDA:2,SDSimpleLoanProposal.revokeNonce
DA:149,2
FN:201,SDSimpleLoanProposal._getProposalHash
FNDA:108,SDSimpleLoanProposal._getProposalHash
DA:202,108
FN:215,SDSimpleLoanProposal._makeProposal
FNDA:50,SDSimpleLoanProposal._makeProposal
DA:216,50
BRDA:216,0,0,1
DA:217,1
DA:220,1
BRDA:220,1,0,1
DA:222,48
FN:231,SDSimpleLoanProposal._acceptProposal
FNDA:35,SDSimpleLoanProposal._acceptProposal
DA:235,35
BRDA:235,2,0,1
DA:236,1
DA:238,34
BRDA:238,3,0,1
DA:239,1
DA:243,33
BRDA:243,4,0,1
DA:246,32
BRDA:246,5,0,1
DA:247,1
DA:251,31
BRDA:251,6,0,1
DA:252,1
DA:256,30
BRDA:256,7,0,1
DA:257,1
DA:264,29
BRDA:264,8,0,1
BRDA:264,8,1,-
DA:265,1
DA:266,28
BRDA:266,9,0,27
BRDA:266,9,1,-
DA:267,27
DA:268,27
DA:270,27
BRDA:270,10,0,26
BRDA:270,10,1,-
DA:272,26
DA:277,26
DA:278,26
DA:279,18
BRDA:279,11,0,18
DA:280,18
DA:283,1
DA:287,1
DA:294,0
BRDA:294,12,0,-
DA:295,0
DA:296,0
DA:297,0
BRDA:297,13,0,-
BRDA:297,13,1,-
DA:299,0
DA:303,0
BRDA:303,14,0,-
BRDA:303,14,1,-
DA:305,0
DA:308,0
DA:311,0
BRDA:311,15,0,-
DA:313,0
FNF:5
FNH:4
LF:44
LH:30
BRF:21
BRH:12
end_of_record
TN:
SF:src/loan/terms/simple/proposal/SDSimpleLoanSimpleProposal.sol
FN:83,SDSimpleLoanSimpleProposal.
FNDA:0,SDSimpleLoanSimpleProposal.
FN:92,SDSimpleLoanSimpleProposal.getProposalHash
FNDA:11,SDSimpleLoanSimpleProposal.getProposalHash
DA:93,11
FN:101,SDSimpleLoanSimpleProposal.encodeProposalData
FNDA:0,SDSimpleLoanSimpleProposal.encodeProposalData
DA:102,0
FN:110,SDSimpleLoanSimpleProposal.decodeProposalData
FNDA:104,SDSimpleLoanSimpleProposal.decodeProposalData
DA:111,104
FN:120,SDSimpleLoanSimpleProposal.getProposalCreditStatus
FNDA:1,SDSimpleLoanSimpleProposal.getProposalCreditStatus
DA:125,1
DA:126,1
BRDA:126,0,0,1
BRDA:126,0,1,-
DA:127,1
DA:128,1
DA:130,0
FN:137,SDSimpleLoanSimpleProposal.makeProposal
FNDA:53,SDSimpleLoanSimpleProposal.makeProposal
DA:143,53
DA:146,50
DA:149,50
DA:151,48
DA:157,48
DA:158,48
DA:159,48
DA:161,48
FN:167,SDSimpleLoanSimpleProposal.acceptProposal
FNDA:36,SDSimpleLoanSimpleProposal.acceptProposal
DA:173,36
DA:176,35
DA:179,35
DA:198,26
DA:200,26
DA:217,26
BRDA:217,1,0,11
BRDA:217,1,1,4
DA:218,11
DA:219,15
BRDA:219,2,0,6
BRDA:219,2,1,4
DA:220,6
DA:222,6
DA:223,9
BRDA:223,3,0,9
DA:224,9
BRDA:224,4,0,4
DA:225,4
DA:228,9
FN:232,SDSimpleLoanSimpleProposal._verifyCompleteLoan
FNDA:10,SDSimpleLoanSimpleProposal._verifyCompleteLoan
DA:233,10
BRDA:233,5,0,2
DA:234,2
FN:245,SDSimpleLoanSimpleProposal.cancelProposal
FNDA:15,SDSimpleLoanSimpleProposal.cancelProposal
DA:251,15
DA:254,13
BRDA:254,6,0,1
DA:255,1
DA:259,12
DA:261,12
DA:262,12
DA:263,12
DA:266,12
BRDA:266,7,0,12
DA:267,12
BRDA:267,8,0,6
DA:268,6
FNF:9
FNH:7
LF:42
LH:40
BRF:12
BRH:11
end_of_record
TN:
SF:src/loan/token/PWNLOAN.sol
FN:66,PWNLOAN.onlyActiveLoan
FNDA:25,PWNLOAN.onlyActiveLoan
DA:67,25
BRDA:67,0,0,1
DA:68,1
FN:77,PWNLOAN.
FNDA:16,PWNLOAN.
DA:78,16
FN:91,PWNLOAN.mint
FNDA:24,PWNLOAN.mint
DA:92,24
DA:93,24
DA:94,24
DA:95,24
FN:104,PWNLOAN.burn
FNDA:7,PWNLOAN.burn
DA:105,7
BRDA:105,1,0,1
DA:106,1
DA:109,6
DA:110,6
DA:111,6
FN:123,PWNLOAN.tokenURI
FNDA:2,PWNLOAN.tokenURI
DA:124,2
DA:126,2
FN:136,PWNLOAN.getStateFingerprint
FNDA:2,PWNLOAN.getStateFingerprint
DA:137,2
DA:139,2
DA:141,1
FN:151,PWNLOAN.supportsInterface
FNDA:1,PWNLOAN.supportsInterface
DA:152,1
FNF:7
FNH:7
LF:18
LH:18
BRF:2
BRH:2
end_of_record
TN:
SF:src/loan/vault/PWNVault.sol
FN:74,PWNVault._pull
FNDA:49,PWNVault._pull
DA:75,49
DA:77,49
DA:78,49
DA:80,48
FN:89,PWNVault._push
FNDA:15,PWNVault._push
DA:90,15
DA:92,15
DA:93,15
DA:95,14
FN:105,PWNVault._pushFrom
FNDA:59,PWNVault._pushFrom
DA:106,59
DA:108,59
DA:109,59
DA:111,58
FN:122,PWNVault._withdrawFromPool
FNDA:3,PWNVault._withdrawFromPool
DA:125,3
DA:127,3
DA:128,3
DA:130,2
FN:142,PWNVault._supplyToPool
FNDA:4,PWNVault._supplyToPool
DA:145,4
DA:147,4
DA:148,4
DA:149,4
DA:153,3
FN:165,PWNVault._tryPermit
FNDA:3,PWNVault._tryPermit
DA:166,3
BRDA:166,0,0,2
DA:167,2
DA:175,0
FN:194,PWNVault.onERC721Received
FNDA:2,PWNVault.onERC721Received
DA:200,2
BRDA:200,1,0,1
DA:202,1
FN:213,PWNVault.onERC1155Received
FNDA:13,PWNVault.onERC1155Received
DA:220,13
BRDA:220,2,0,1
DA:222,12
FN:233,PWNVault.onERC1155BatchReceived
FNDA:1,PWNVault.onERC1155BatchReceived
DA:240,1
FN:255,PWNVault.supportsInterface
FNDA:3,PWNVault.supportsInterface
DA:256,3
DA:257,1
FNF:10
FNH:10
LF:31
LH:30
BRF:3
BRH:3
end_of_record
TN:
SF:src/nonce/PWNRevokedNonce.sol
FN:73,PWNRevokedNonce.onlyWithHubTag
FNDA:2012,PWNRevokedNonce.onlyWithHubTag
DA:74,2012
BRDA:74,0,0,503
DA:75,503
FN:84,PWNRevokedNonce.
FNDA:25,PWNRevokedNonce.
DA:85,25
DA:86,25
FN:97,PWNRevokedNonce.revokeNonce
FNDA:1509,PWNRevokedNonce.revokeNonce
DA:98,1509
FN:105,PWNRevokedNonce.revokeNonces
FNDA:1509,PWNRevokedNonce.revokeNonces
DA:106,1509
DA:107,3521
FN:116,PWNRevokedNonce.revokeNonce
FNDA:1509,PWNRevokedNonce.revokeNonce
DA:117,1509
FN:126,PWNRevokedNonce.revokeNonce
FNDA:1509,PWNRevokedNonce.revokeNonce
DA:127,1509
FN:137,PWNRevokedNonce.revokeNonce
FNDA:1535,PWNRevokedNonce.revokeNonce
DA:138,1535
FN:144,PWNRevokedNonce._revokeNonce
FNDA:9583,PWNRevokedNonce._revokeNonce
DA:145,2515
BRDA:145,1,0,2515
DA:146,2515
DA:148,7068
DA:149,7068
FN:161,PWNRevokedNonce.isNonceRevoked
FNDA:4024,PWNRevokedNonce.isNonceRevoked
DA:162,4024
FN:172,PWNRevokedNonce.isNonceUsable
FNDA:1559,PWNRevokedNonce.isNonceUsable
DA:173,1559
DA:175,1056
FN:187,PWNRevokedNonce.revokeNonceSpace
FNDA:1509,PWNRevokedNonce.revokeNonceSpace
DA:188,1509
DA:189,1509
FN:197,PWNRevokedNonce.currentNonceSpace
FNDA:1006,PWNRevokedNonce.currentNonceSpace
DA:198,1006
FNF:12
FNH:12
LF:20
LH:20
BRF:2
BRH:2
end_of_record
TN:
SF:test/SDDeploymentTest.t.sol
FN:28,SDDeploymentTest.setUp
FNDA:57,SDDeploymentTest.setUp
DA:30,0
DA:33,57
DA:34,57
DA:35,57
DA:36,57
DA:37,57
DA:38,57
DA:39,57
DA:40,57
DA:41,57
DA:42,57
DA:43,57
DA:44,57
FN:47,SDDeploymentTest._protocolNotDeployedOnSelectedChain
FNDA:57,SDDeploymentTest._protocolNotDeployedOnSelectedChain
DA:48,57
DA:49,57
DA:52,57
DA:55,57
DA:58,57
DA:59,57
DA:62,57
DA:63,57
DA:76,57
DA:78,57
DA:79,57
DA:81,57
DA:83,57
DA:84,57
DA:92,57
DA:97,57
DA:98,57
DA:99,57
DA:101,57
DA:102,57
DA:104,57
DA:105,57
DA:106,57
DA:108,57
DA:109,57
DA:111,57
DA:112,57
FNF:2
FNH:2
LF:40
LH:39
BRF:0
BRH:0
end_of_record
TN:
SF:test/helper/DummyPoolAdapter.sol
FN:9,DummyPoolAdapter.withdraw
FNDA:3,DummyPoolAdapter.withdraw
DA:10,3
FN:13,DummyPoolAdapter.supply
FNDA:4,DummyPoolAdapter.supply
DA:14,4
FNF:2
FNH:2
LF:2
LH:2
BRF:0
BRH:0
end_of_record
TN:
SF:test/helper/T1155.sol
FN:7,T1155.mint
FNDA:12,T1155.mint
DA:8,12
FN:11,T1155.burn
FNDA:0,T1155.burn
DA:12,0
FNF:2
FNH:1
LF:2
LH:1
BRF:0
BRH:0
end_of_record
TN:
SF:test/helper/T20.sol
FN:7,T20.mint
FNDA:162,T20.mint
DA:8,162
FN:11,T20.burn
FNDA:0,T20.burn
DA:12,0
FNF:2
FNH:1
LF:2
LH:1
BRF:0
BRH:0
end_of_record
TN:
SF:test/helper/T721.sol
FN:7,T721.mint
FNDA:16,T721.mint
DA:8,16
FN:11,T721.burn
FNDA:0,T721.burn
DA:12,0
FNF:2
FNH:1
LF:2
LH:1
BRF:0
BRH:0
end_of_record
TN:
SF:test/integration/SDBaseIntegrationTest.t.sol
FN:51,SDBaseIntegrationTest.setUp
FNDA:57,SDBaseIntegrationTest.setUp
DA:52,0
DA:55,57
DA:56,57
DA:57,57
DA:58,57
DA:60,57
DA:81,57
DA:82,57
DA:83,57
DA:84,57
DA:85,57
DA:86,57
DA:89,57
DA:90,57
DA:91,57
DA:92,57
DA:93,57
DA:94,57
FN:98,SDBaseIntegrationTest._createERC20Proposal
FNDA:24,SDBaseIntegrationTest._createERC20Proposal
DA:100,24
DA:101,24
DA:102,24
DA:105,24
DA:107,24
DA:108,24
FN:111,SDBaseIntegrationTest._createERC721Proposal
FNDA:8,SDBaseIntegrationTest._createERC721Proposal
DA:113,8
DA:114,8
DA:115,8
DA:116,8
DA:119,8
DA:120,8
DA:121,8
DA:124,8
DA:126,8
DA:127,8
FN:130,SDBaseIntegrationTest._createFungibleERC1155Proposal
FNDA:6,SDBaseIntegrationTest._createFungibleERC1155Proposal
DA:132,6
DA:133,6
DA:134,6
DA:135,6
DA:138,6
DA:139,6
DA:140,6
DA:143,6
DA:145,6
DA:146,6
FN:149,SDBaseIntegrationTest._createNonFungibleERC1155Proposal
FNDA:5,SDBaseIntegrationTest._createNonFungibleERC1155Proposal
DA:151,5
DA:152,5
DA:153,5
DA:154,5
DA:157,5
DA:158,5
DA:159,5
DA:162,5
DA:164,5
DA:165,5
FN:168,SDBaseIntegrationTest._createLoan
FNDA:6,SDBaseIntegrationTest._createLoan
DA:173,6
DA:174,6
DA:175,6
DA:178,6
BRDA:178,0,0,-
DA:179,0
DA:182,6
DA:184,6
DA:186,4
BRDA:186,1,0,4
BRDA:183,1,1,3
DA:187,4
DA:193,2
FN:201,SDBaseIntegrationTest._cancelProposal
FNDA:6,SDBaseIntegrationTest._cancelProposal
DA:202,6
FN:205,SDBaseIntegrationTest._buildLenderSpec
FNDA:15,SDBaseIntegrationTest._buildLenderSpec
DA:206,15
FN:211,SDBaseIntegrationTest._buildProposalSpec
FNDA:64,SDBaseIntegrationTest._buildProposalSpec
DA:216,64
FNF:9
FNH:9
LF:67
LH:65
BRF:3
BRH:2
end_of_record
TN:
SF:test/unit/PWNHub.t.sol
FN:18,PWNHubTest.setUp
FNDA:13,PWNHubTest.setUp
DA:19,13
DA:20,13
FN:23,PWNHubTest._addressTagSlot
FNDA:11,PWNHubTest._addressTagSlot
DA:24,11
FNF:2
FNH:2
LF:3
LH:3
BRF:0
BRH:0
end_of_record
TN:
SF:test/unit/PWNLOAN.t.sol
FN:22,PWNLOANTest.
FNDA:0,PWNLOANTest.
DA:23,0
FN:26,PWNLOANTest.setUp
FNDA:16,PWNLOANTest.setUp
DA:27,16
DA:29,16
DA:30,16
FN:37,PWNLOANTest._loanContractSlot
FNDA:3,PWNLOANTest._loanContractSlot
DA:38,3
FNF:3
FNH:2
LF:5
LH:4
BRF:0
BRH:0
end_of_record
TN:
SF:test/unit/PWNRevokedNonce.t.sol
FN:20,PWNRevokedNonceTest.setUp
FNDA:25,PWNRevokedNonceTest.setUp
DA:21,25
FN:24,PWNRevokedNonceTest._revokedNonceSlot
FNDA:3521,PWNRevokedNonceTest._revokedNonceSlot
DA:25,3521
FN:30,PWNRevokedNonceTest._nonceSpaceSlot
FNDA:7545,PWNRevokedNonceTest._nonceSpaceSlot
DA:31,7545
FNF:3
FNH:3
LF:3
LH:3
BRF:0
BRH:0
end_of_record
TN:
SF:test/unit/PWNVault.t.sol
FN:22,PWNVaultHarness.pull
FNDA:3,PWNVaultHarness.pull
DA:23,3
FN:26,PWNVaultHarness.push
FNDA:3,PWNVaultHarness.push
DA:27,3
FN:30,PWNVaultHarness.pushFrom
FNDA:3,PWNVaultHarness.pushFrom
DA:31,3
FN:34,PWNVaultHarness.withdrawFromPool
FNDA:3,PWNVaultHarness.withdrawFromPool
DA:37,3
FN:40,PWNVaultHarness.supplyToPool
FNDA:4,PWNVaultHarness.supplyToPool
DA:43,4
FN:46,PWNVaultHarness.exposed_tryPermit
FNDA:3,PWNVaultHarness.exposed_tryPermit
DA:47,3
FN:68,PWNVaultTest.
FNDA:0,PWNVaultTest.
DA:69,0
FN:72,PWNVaultTest.setUp
FNDA:27,PWNVaultTest.setUp
DA:73,27
DA:74,27
DA:75,27
FNF:8
FNH:7
LF:10
LH:9
BRF:0
BRH:0
end_of_record
TN:
SF:test/unit/SDConfig.t.sol
FN:38,SDConfigTest.setUp
FNDA:16,SDConfigTest.setUp
DA:39,16
FN:42,SDConfigTest._initialize
FNDA:10,SDConfigTest._initialize
DA:44,10
DA:45,10
DA:46,10
FNF:2
FNH:2
LF:4
LH:4
BRF:0
BRH:0
end_of_record
